<?xml version="1.0" encoding="UTF-8"?>
<!-- Generated by org.testng.reporters.JUnitReportReporter -->
<testsuite hostname="DESKTOP-S8H9GSJ" name="com.sellabs.testNG.SampleTest" tests="4" failures="0" timestamp="11 Sep 2019 14:23:32 GMT" time="0.085" errors="0">
  <testcase name="C" time="0.036" classname="com.sellabs.testNG.SampleTest"/>
  <testcase name="E" time="0.004" classname="com.sellabs.testNG.SampleTest"/>
  <testcase name="A" time="0.005" classname="com.sellabs.testNG.SampleTest"/>
  <testcase name="D" time="0.040" classname="com.sellabs.testNG.SampleTest"/>
</testsuite> <!-- com.sellabs.testNG.SampleTest -->
