<?xml version="1.0" encoding="UTF-8"?>
<!-- Generated by org.testng.reporters.JUnitReportReporter -->
<testsuite hostname="DESKTOP-S8H9GSJ" name="com.sellabs.testNG.GroupTest" tests="2" failures="0" timestamp="23 Sep 2019 08:26:34 GMT" time="0.018" errors="0">
  <testcase name="search" time="0.014" classname="com.sellabs.testNG.GroupTest"/>
  <testcase name="advancedSearch" time="0.004" classname="com.sellabs.testNG.GroupTest"/>
</testsuite> <!-- com.sellabs.testNG.GroupTest -->
