<?xml version="1.0" encoding="UTF-8"?>
<!-- Generated by org.testng.reporters.JUnitReportReporter -->
<testsuite hostname="DESKTOP-S8H9GSJ" name="com.sellabs.testNG.SampleTestTwo" tests="1" failures="0" timestamp="23 Sep 2019 08:25:37 GMT" time="0.019" errors="0">
  <testcase name="ops" time="0.019" classname="com.sellabs.testNG.SampleTestTwo"/>
</testsuite> <!-- com.sellabs.testNG.SampleTestTwo -->
