<?xml version="1.0" encoding="UTF-8"?>
<!-- Generated by org.testng.reporters.JUnitReportReporter -->
<testsuite hostname="DESKTOP-S8H9GSJ" name="com.sellabs.testNG.SampleTestNG" tests="2" failures="0" timestamp="7 Sep 2019 17:02:16 GMT" time="0.008" errors="0">
  <testcase name="opsOne" time="0.006" classname="com.sellabs.testNG.SampleTestNG"/>
  <testcase name="opsTwo" time="0.002" classname="com.sellabs.testNG.SampleTestNG"/>
</testsuite> <!-- com.sellabs.testNG.SampleTestNG -->
